<?xml version="1.0" encoding="UTF-8"?>
<!-- Generated by org.testng.reporters.JUnitReportReporter -->
<testsuite hostname="LAPTOP-3I1PVE3Q" failures="0" tests="1" name="cucumber.TestNgTestRunner" time="8.514" errors="0" timestamp="2024-11-02T17:02:02 GMT-05:00" skipped="0">
  <testcase classname="cucumber.TestNgTestRunner" name="runScenario" time="8.514"/>
</testsuite> <!-- cucumber.TestNgTestRunner -->
