<?xml version="1.0" encoding="UTF-8"?>
<!-- Generated by org.testng.reporters.JUnitReportReporter -->
<testsuite hostname="LAPTOP-3I1PVE3Q" failures="0" tests="3" name="rahuallshettyacademy.Test.Standalone2" time="30.905" errors="0" timestamp="2024-10-27T18:32:17 GMT-05:00" skipped="0">
  <testcase classname="rahuallshettyacademy.Test.Standalone2" name="submitOrder" time="11.611"/>
  <testcase classname="rahuallshettyacademy.Test.Standalone2" name="submitOrder" time="11.081"/>
  <testcase classname="rahuallshettyacademy.Test.Standalone2" name="orderHistoryTest" time="8.213"/>
</testsuite> <!-- rahuallshettyacademy.Test.Standalone2 -->
