<?xml version="1.0" encoding="UTF-8"?>
<!-- Generated by org.testng.reporters.JUnitReportReporter -->
<testsuite hostname="LAPTOP-3I1PVE3Q" failures="0" tests="1" name="cucumber.TestNgTestRunner" time="10.068" errors="0" timestamp="2024-11-02T17:22:12 GMT-05:00" skipped="0">
  <testcase classname="cucumber.TestNgTestRunner" name="runScenario" time="10.068"/>
</testsuite> <!-- cucumber.TestNgTestRunner -->
