<?xml version="1.0" encoding="UTF-8"?>
<!-- Generated by org.testng.reporters.JUnitReportReporter -->
<testsuite hostname="LAPTOP-3I1PVE3Q" failures="0" tests="2" name="rahuallshettyacademy.Test.ErrorValidation" time="17.996" errors="0" timestamp="2024-10-29T17:00:36 GMT-05:00" skipped="0">
  <testcase classname="rahuallshettyacademy.Test.ErrorValidation" name="LoginErrorValidation" time="6.378"/>
  <testcase classname="rahuallshettyacademy.Test.ErrorValidation" name="ProductErrorValidation" time="11.618"/>
</testsuite> <!-- rahuallshettyacademy.Test.ErrorValidation -->
